
*** Running vivado
    with args -log ORC_R32I.vdi -applog -m64 -product Vivado -messageDb vivado.pb -mode batch -source ORC_R32I.tcl -notrace


****** Vivado v2020.1 (64-bit)
  **** SW Build 2902540 on Wed May 27 19:54:35 MDT 2020
  **** IP Build 2902112 on Wed May 27 22:43:36 MDT 2020
    ** Copyright 1986-2020 Xilinx, Inc. All Rights Reserved.

source ORC_R32I.tcl -notrace
Command: link_design -top ORC_R32I -part xc7s25csga324-1IL
Design is defaulting to srcset: sources_1
Design is defaulting to constrset: constrs_1
INFO: [Device 21-403] Loading part xc7s25csga324-1IL
Netlist sorting complete. Time (s): cpu = 00:00:00 ; elapsed = 00:00:00 . Memory (MB): peak = 2097.859 ; gain = 0.000 ; free physical = 10668 ; free virtual = 14532
INFO: [Netlist 29-17] Analyzing 120 Unisim elements for replacement
INFO: [Netlist 29-28] Unisim Transformation completed in 0 CPU seconds
WARNING: [Netlist 29-101] Netlist 'ORC_R32I' is not ideal for floorplanning, since the cellview 'ORC_R32I' contains a large number of primitives.  Please consider enabling hierarchy in synthesis if you want to do floorplanning.
INFO: [Project 1-479] Netlist was created with Vivado 2020.1
INFO: [Project 1-570] Preparing netlist for logic optimization
Parsing XDC File [/home/jota/Documents/HW/HDL_projects/ORCs/ORC_R32I/build/Vivado/Vivado.srcs/constrs_1/new/clock_contraints.xdc]
Finished Parsing XDC File [/home/jota/Documents/HW/HDL_projects/ORCs/ORC_R32I/build/Vivado/Vivado.srcs/constrs_1/new/clock_contraints.xdc]
INFO: [Opt 31-138] Pushed 0 inverter(s) to 0 load pin(s).
Netlist sorting complete. Time (s): cpu = 00:00:00 ; elapsed = 00:00:00 . Memory (MB): peak = 2153.699 ; gain = 0.000 ; free physical = 10592 ; free virtual = 14456
INFO: [Project 1-111] Unisim Transformation Summary:
  A total of 34 instances were transformed.
  RAM32M => RAM32M (RAMD32(x6), RAMS32(x2)): 34 instances

7 Infos, 1 Warnings, 0 Critical Warnings and 0 Errors encountered.
link_design completed successfully
link_design: Time (s): cpu = 00:00:05 ; elapsed = 00:00:06 . Memory (MB): peak = 2153.699 ; gain = 56.027 ; free physical = 10592 ; free virtual = 14456
Command: opt_design
Attempting to get a license for feature 'Implementation' and/or device 'xc7s25'
INFO: [Common 17-349] Got license for feature 'Implementation' and/or device 'xc7s25'
Running DRC as a precondition to command opt_design

Starting DRC Task
INFO: [DRC 23-27] Running DRC with 8 threads
INFO: [Project 1-461] DRC finished with 0 Errors
INFO: [Project 1-462] Please refer to the DRC report (report_drc) for more information.

Time (s): cpu = 00:00:02 ; elapsed = 00:00:02 . Memory (MB): peak = 2217.730 ; gain = 64.031 ; free physical = 10588 ; free virtual = 14453

Starting Cache Timing Information Task
INFO: [Timing 38-35] Done setting XDC timing constraints.
Ending Cache Timing Information Task | Checksum: 55658538

Time (s): cpu = 00:00:07 ; elapsed = 00:00:07 . Memory (MB): peak = 2346.543 ; gain = 128.812 ; free physical = 10288 ; free virtual = 14153

Starting Logic Optimization Task

Phase 1 Retarget
INFO: [Opt 31-138] Pushed 0 inverter(s) to 0 load pin(s).
INFO: [Opt 31-49] Retargeted 0 cell(s).
Phase 1 Retarget | Checksum: 55658538

Time (s): cpu = 00:00:00.22 ; elapsed = 00:00:00.09 . Memory (MB): peak = 2510.480 ; gain = 0.000 ; free physical = 10126 ; free virtual = 13991
INFO: [Opt 31-389] Phase Retarget created 0 cells and removed 0 cells

Phase 2 Constant propagation
INFO: [Opt 31-138] Pushed 0 inverter(s) to 0 load pin(s).
Phase 2 Constant propagation | Checksum: f63732d0

Time (s): cpu = 00:00:00.24 ; elapsed = 00:00:00.11 . Memory (MB): peak = 2510.480 ; gain = 0.000 ; free physical = 10126 ; free virtual = 13992
INFO: [Opt 31-389] Phase Constant propagation created 0 cells and removed 0 cells

Phase 3 Sweep
Phase 3 Sweep | Checksum: 66b9ef96

Time (s): cpu = 00:00:00.27 ; elapsed = 00:00:00.14 . Memory (MB): peak = 2510.480 ; gain = 0.000 ; free physical = 10126 ; free virtual = 13992
INFO: [Opt 31-389] Phase Sweep created 2 cells and removed 0 cells

Phase 4 BUFG optimization
Phase 4 BUFG optimization | Checksum: 66b9ef96

Time (s): cpu = 00:00:00.31 ; elapsed = 00:00:00.18 . Memory (MB): peak = 2510.480 ; gain = 0.000 ; free physical = 10126 ; free virtual = 13992
INFO: [Opt 31-662] Phase BUFG optimization created 0 cells of which 0 are BUFGs and removed 0 cells.

Phase 5 Shift Register Optimization
INFO: [Opt 31-1064] SRL Remap converted 0 SRLs to 0 registers and converted 0 registers of register chains to 0 SRLs
Phase 5 Shift Register Optimization | Checksum: 66b9ef96

Time (s): cpu = 00:00:00.33 ; elapsed = 00:00:00.20 . Memory (MB): peak = 2510.480 ; gain = 0.000 ; free physical = 10126 ; free virtual = 13992
INFO: [Opt 31-389] Phase Shift Register Optimization created 0 cells and removed 0 cells

Phase 6 Post Processing Netlist
Phase 6 Post Processing Netlist | Checksum: 66b9ef96

Time (s): cpu = 00:00:00.33 ; elapsed = 00:00:00.20 . Memory (MB): peak = 2510.480 ; gain = 0.000 ; free physical = 10126 ; free virtual = 13992
INFO: [Opt 31-389] Phase Post Processing Netlist created 0 cells and removed 0 cells
Opt_design Change Summary
=========================


-------------------------------------------------------------------------------------------------------------------------
|  Phase                        |  #Cells created  |  #Cells Removed  |  #Constrained objects preventing optimizations  |
-------------------------------------------------------------------------------------------------------------------------
|  Retarget                     |               0  |               0  |                                              0  |
|  Constant propagation         |               0  |               0  |                                              0  |
|  Sweep                        |               2  |               0  |                                              0  |
|  BUFG optimization            |               0  |               0  |                                              0  |
|  Shift Register Optimization  |               0  |               0  |                                              0  |
|  Post Processing Netlist      |               0  |               0  |                                              0  |
-------------------------------------------------------------------------------------------------------------------------



Starting Connectivity Check Task

Time (s): cpu = 00:00:00 ; elapsed = 00:00:00.01 . Memory (MB): peak = 2510.480 ; gain = 0.000 ; free physical = 10126 ; free virtual = 13992
Ending Logic Optimization Task | Checksum: 94546da1

Time (s): cpu = 00:00:00.37 ; elapsed = 00:00:00.24 . Memory (MB): peak = 2510.480 ; gain = 0.000 ; free physical = 10126 ; free virtual = 13992

Starting Power Optimization Task
INFO: [Pwropt 34-132] Skipping clock gating for clocks with a period < 2.00 ns.
Ending Power Optimization Task | Checksum: 94546da1

Time (s): cpu = 00:00:00.01 ; elapsed = 00:00:00.02 . Memory (MB): peak = 2510.480 ; gain = 0.000 ; free physical = 10126 ; free virtual = 13992

Starting Final Cleanup Task
Ending Final Cleanup Task | Checksum: 94546da1

Time (s): cpu = 00:00:00 ; elapsed = 00:00:00 . Memory (MB): peak = 2510.480 ; gain = 0.000 ; free physical = 10126 ; free virtual = 13992

Starting Netlist Obfuscation Task
Netlist sorting complete. Time (s): cpu = 00:00:00 ; elapsed = 00:00:00 . Memory (MB): peak = 2510.480 ; gain = 0.000 ; free physical = 10126 ; free virtual = 13992
Ending Netlist Obfuscation Task | Checksum: 94546da1

Time (s): cpu = 00:00:00 ; elapsed = 00:00:00 . Memory (MB): peak = 2510.480 ; gain = 0.000 ; free physical = 10126 ; free virtual = 13992
INFO: [Common 17-83] Releasing license: Implementation
24 Infos, 1 Warnings, 0 Critical Warnings and 0 Errors encountered.
opt_design completed successfully
opt_design: Time (s): cpu = 00:00:10 ; elapsed = 00:00:12 . Memory (MB): peak = 2510.480 ; gain = 356.781 ; free physical = 10126 ; free virtual = 13992
INFO: [Timing 38-480] Writing timing data to binary archive.
INFO: [Common 17-1381] The checkpoint '/home/jota/Documents/HW/HDL_projects/ORCs/ORC_R32I/build/Vivado/Vivado.runs/impl_1/ORC_R32I_opt.dcp' has been generated.
INFO: [runtcl-4] Executing : report_drc -file ORC_R32I_drc_opted.rpt -pb ORC_R32I_drc_opted.pb -rpx ORC_R32I_drc_opted.rpx
Command: report_drc -file ORC_R32I_drc_opted.rpt -pb ORC_R32I_drc_opted.pb -rpx ORC_R32I_drc_opted.rpx
INFO: [IP_Flow 19-234] Refreshing IP repositories
INFO: [IP_Flow 19-1704] No user IP repositories specified
INFO: [IP_Flow 19-2313] Loaded Vivado IP repository '/tools/Xilinx/Vivado/2020.1/data/ip'.
INFO: [DRC 23-27] Running DRC with 8 threads
INFO: [Coretcl 2-168] The results of DRC are in file /home/jota/Documents/HW/HDL_projects/ORCs/ORC_R32I/build/Vivado/Vivado.runs/impl_1/ORC_R32I_drc_opted.rpt.
report_drc completed successfully
Command: place_design
Attempting to get a license for feature 'Implementation' and/or device 'xc7s25'
INFO: [Common 17-349] Got license for feature 'Implementation' and/or device 'xc7s25'
INFO: [DRC 23-27] Running DRC with 8 threads
INFO: [Vivado_Tcl 4-198] DRC finished with 0 Errors
INFO: [Vivado_Tcl 4-199] Please refer to the DRC report (report_drc) for more information.
Running DRC as a precondition to command place_design
INFO: [DRC 23-27] Running DRC with 8 threads
INFO: [Vivado_Tcl 4-198] DRC finished with 0 Errors
INFO: [Vivado_Tcl 4-199] Please refer to the DRC report (report_drc) for more information.

Starting Placer Task
INFO: [Place 30-611] Multithreading enabled for place_design using a maximum of 8 CPUs

Phase 1 Placer Initialization

Phase 1.1 Placer Initialization Netlist Sorting
Netlist sorting complete. Time (s): cpu = 00:00:00 ; elapsed = 00:00:00 . Memory (MB): peak = 2597.293 ; gain = 0.000 ; free physical = 10095 ; free virtual = 13962
Phase 1.1 Placer Initialization Netlist Sorting | Checksum: 804e0565

Time (s): cpu = 00:00:00.01 ; elapsed = 00:00:00.04 . Memory (MB): peak = 2597.293 ; gain = 0.000 ; free physical = 10095 ; free virtual = 13962
Netlist sorting complete. Time (s): cpu = 00:00:00 ; elapsed = 00:00:00 . Memory (MB): peak = 2597.293 ; gain = 0.000 ; free physical = 10095 ; free virtual = 13962

Phase 1.2 IO Placement/ Clock Placement/ Build Placer Device
ERROR: [Place 30-415] IO Placement failed due to overutilization. This design contains 204 I/O ports
 while the target  device: 7s25 package: csga324, contains only 150 available user I/O. The target device has 150 usable I/O pins of which 0 are already occupied by user-locked I/Os.
 To rectify this issue:
 1. Ensure you are targeting the correct device and package.  Select a larger device or different package if necessary.
 2. Check the top-level ports of the design to ensure the correct number of ports are specified.
 3. Consider design changes to reduce the number of I/Os necessary.
INFO: [Timing 38-35] Done setting XDC timing constraints.
ERROR: [Place 30-68] Instance i_clk_IBUF_BUFG_inst (BUFG) is not placed
ERROR: [Place 30-68] Instance i_clk_IBUF_inst (IBUF) is not placed
ERROR: [Place 30-68] Instance i_inst_read_ack_IBUF_inst (IBUF) is not placed
ERROR: [Place 30-68] Instance i_inst_read_data_IBUF[0]_inst (IBUF) is not placed
ERROR: [Place 30-68] Instance i_inst_read_data_IBUF[10]_inst (IBUF) is not placed
ERROR: [Place 30-68] Instance i_inst_read_data_IBUF[11]_inst (IBUF) is not placed
ERROR: [Place 30-68] Instance i_inst_read_data_IBUF[12]_inst (IBUF) is not placed
ERROR: [Place 30-68] Instance i_inst_read_data_IBUF[13]_inst (IBUF) is not placed
ERROR: [Place 30-68] Instance i_inst_read_data_IBUF[14]_inst (IBUF) is not placed
ERROR: [Place 30-68] Instance i_inst_read_data_IBUF[15]_inst (IBUF) is not placed
ERROR: [Place 30-68] Instance i_inst_read_data_IBUF[16]_inst (IBUF) is not placed
ERROR: [Place 30-68] Instance i_inst_read_data_IBUF[17]_inst (IBUF) is not placed
ERROR: [Place 30-68] Instance i_inst_read_data_IBUF[18]_inst (IBUF) is not placed
ERROR: [Place 30-68] Instance i_inst_read_data_IBUF[19]_inst (IBUF) is not placed
ERROR: [Place 30-68] Instance i_inst_read_data_IBUF[1]_inst (IBUF) is not placed
ERROR: [Place 30-68] Instance i_inst_read_data_IBUF[20]_inst (IBUF) is not placed
ERROR: [Place 30-68] Instance i_inst_read_data_IBUF[21]_inst (IBUF) is not placed
ERROR: [Place 30-68] Instance i_inst_read_data_IBUF[22]_inst (IBUF) is not placed
ERROR: [Place 30-68] Instance i_inst_read_data_IBUF[23]_inst (IBUF) is not placed
ERROR: [Place 30-68] Instance i_inst_read_data_IBUF[24]_inst (IBUF) is not placed
ERROR: [Place 30-68] Instance i_inst_read_data_IBUF[25]_inst (IBUF) is not placed
ERROR: [Place 30-68] Instance i_inst_read_data_IBUF[26]_inst (IBUF) is not placed
ERROR: [Place 30-68] Instance i_inst_read_data_IBUF[27]_inst (IBUF) is not placed
ERROR: [Place 30-68] Instance i_inst_read_data_IBUF[28]_inst (IBUF) is not placed
ERROR: [Place 30-68] Instance i_inst_read_data_IBUF[29]_inst (IBUF) is not placed
ERROR: [Place 30-68] Instance i_inst_read_data_IBUF[2]_inst (IBUF) is not placed
ERROR: [Place 30-68] Instance i_inst_read_data_IBUF[30]_inst (IBUF) is not placed
ERROR: [Place 30-68] Instance i_inst_read_data_IBUF[31]_inst (IBUF) is not placed
ERROR: [Place 30-68] Instance i_inst_read_data_IBUF[3]_inst (IBUF) is not placed
ERROR: [Place 30-68] Instance i_inst_read_data_IBUF[4]_inst (IBUF) is not placed
ERROR: [Place 30-68] Instance i_inst_read_data_IBUF[5]_inst (IBUF) is not placed
ERROR: [Place 30-68] Instance i_inst_read_data_IBUF[6]_inst (IBUF) is not placed
ERROR: [Place 30-68] Instance i_inst_read_data_IBUF[7]_inst (IBUF) is not placed
ERROR: [Place 30-68] Instance i_inst_read_data_IBUF[8]_inst (IBUF) is not placed
ERROR: [Place 30-68] Instance i_inst_read_data_IBUF[9]_inst (IBUF) is not placed
ERROR: [Place 30-68] Instance i_master_read_ack_IBUF_inst (IBUF) is not placed
ERROR: [Place 30-68] Instance i_master_read_data_IBUF[0]_inst (IBUF) is not placed
ERROR: [Place 30-68] Instance i_master_read_data_IBUF[10]_inst (IBUF) is not placed
ERROR: [Place 30-68] Instance i_master_read_data_IBUF[11]_inst (IBUF) is not placed
ERROR: [Place 30-68] Instance i_master_read_data_IBUF[12]_inst (IBUF) is not placed
ERROR: [Place 30-68] Instance i_master_read_data_IBUF[13]_inst (IBUF) is not placed
ERROR: [Place 30-68] Instance i_master_read_data_IBUF[14]_inst (IBUF) is not placed
ERROR: [Place 30-68] Instance i_master_read_data_IBUF[15]_inst (IBUF) is not placed
ERROR: [Place 30-68] Instance i_master_read_data_IBUF[16]_inst (IBUF) is not placed
ERROR: [Place 30-68] Instance i_master_read_data_IBUF[17]_inst (IBUF) is not placed
ERROR: [Place 30-68] Instance i_master_read_data_IBUF[18]_inst (IBUF) is not placed
ERROR: [Place 30-68] Instance i_master_read_data_IBUF[19]_inst (IBUF) is not placed
ERROR: [Place 30-68] Instance i_master_read_data_IBUF[1]_inst (IBUF) is not placed
ERROR: [Place 30-68] Instance i_master_read_data_IBUF[20]_inst (IBUF) is not placed
ERROR: [Place 30-68] Instance i_master_read_data_IBUF[21]_inst (IBUF) is not placed
ERROR: [Place 30-68] Instance i_master_read_data_IBUF[22]_inst (IBUF) is not placed
ERROR: [Place 30-68] Instance i_master_read_data_IBUF[23]_inst (IBUF) is not placed
ERROR: [Place 30-68] Instance i_master_read_data_IBUF[24]_inst (IBUF) is not placed
ERROR: [Place 30-68] Instance i_master_read_data_IBUF[25]_inst (IBUF) is not placed
ERROR: [Place 30-68] Instance i_master_read_data_IBUF[26]_inst (IBUF) is not placed
ERROR: [Place 30-68] Instance i_master_read_data_IBUF[27]_inst (IBUF) is not placed
ERROR: [Place 30-68] Instance i_master_read_data_IBUF[28]_inst (IBUF) is not placed
ERROR: [Place 30-68] Instance i_master_read_data_IBUF[29]_inst (IBUF) is not placed
ERROR: [Place 30-68] Instance i_master_read_data_IBUF[2]_inst (IBUF) is not placed
ERROR: [Place 30-68] Instance i_master_read_data_IBUF[30]_inst (IBUF) is not placed
ERROR: [Place 30-68] Instance i_master_read_data_IBUF[31]_inst (IBUF) is not placed
ERROR: [Place 30-68] Instance i_master_read_data_IBUF[3]_inst (IBUF) is not placed
ERROR: [Place 30-68] Instance i_master_read_data_IBUF[4]_inst (IBUF) is not placed
ERROR: [Place 30-68] Instance i_master_read_data_IBUF[5]_inst (IBUF) is not placed
ERROR: [Place 30-68] Instance i_master_read_data_IBUF[6]_inst (IBUF) is not placed
ERROR: [Place 30-68] Instance i_master_read_data_IBUF[7]_inst (IBUF) is not placed
ERROR: [Place 30-68] Instance i_master_read_data_IBUF[8]_inst (IBUF) is not placed
ERROR: [Place 30-68] Instance i_master_read_data_IBUF[9]_inst (IBUF) is not placed
ERROR: [Place 30-68] Instance i_master_write_ack_IBUF_inst (IBUF) is not placed
ERROR: [Place 30-68] Instance i_reset_sync_IBUF_inst (IBUF) is not placed
ERROR: [Place 30-68] Instance o_inst_read_addr_OBUF[0]_inst (OBUF) is not placed
ERROR: [Place 30-68] Instance o_inst_read_addr_OBUF[10]_inst (OBUF) is not placed
ERROR: [Place 30-68] Instance o_inst_read_addr_OBUF[11]_inst (OBUF) is not placed
ERROR: [Place 30-68] Instance o_inst_read_addr_OBUF[12]_inst (OBUF) is not placed
ERROR: [Place 30-68] Instance o_inst_read_addr_OBUF[13]_inst (OBUF) is not placed
ERROR: [Place 30-68] Instance o_inst_read_addr_OBUF[14]_inst (OBUF) is not placed
ERROR: [Place 30-68] Instance o_inst_read_addr_OBUF[15]_inst (OBUF) is not placed
ERROR: [Place 30-68] Instance o_inst_read_addr_OBUF[16]_inst (OBUF) is not placed
ERROR: [Place 30-68] Instance o_inst_read_addr_OBUF[17]_inst (OBUF) is not placed
ERROR: [Place 30-68] Instance o_inst_read_addr_OBUF[18]_inst (OBUF) is not placed
ERROR: [Place 30-68] Instance o_inst_read_addr_OBUF[19]_inst (OBUF) is not placed
ERROR: [Place 30-68] Instance o_inst_read_addr_OBUF[1]_inst (OBUF) is not placed
ERROR: [Place 30-68] Instance o_inst_read_addr_OBUF[20]_inst (OBUF) is not placed
ERROR: [Place 30-68] Instance o_inst_read_addr_OBUF[21]_inst (OBUF) is not placed
ERROR: [Place 30-68] Instance o_inst_read_addr_OBUF[22]_inst (OBUF) is not placed
ERROR: [Place 30-68] Instance o_inst_read_addr_OBUF[23]_inst (OBUF) is not placed
ERROR: [Place 30-68] Instance o_inst_read_addr_OBUF[24]_inst (OBUF) is not placed
ERROR: [Place 30-68] Instance o_inst_read_addr_OBUF[25]_inst (OBUF) is not placed
ERROR: [Place 30-68] Instance o_inst_read_addr_OBUF[26]_inst (OBUF) is not placed
ERROR: [Place 30-68] Instance o_inst_read_addr_OBUF[27]_inst (OBUF) is not placed
ERROR: [Place 30-68] Instance o_inst_read_addr_OBUF[28]_inst (OBUF) is not placed
ERROR: [Place 30-68] Instance o_inst_read_addr_OBUF[29]_inst (OBUF) is not placed
ERROR: [Place 30-68] Instance o_inst_read_addr_OBUF[2]_inst (OBUF) is not placed
ERROR: [Place 30-68] Instance o_inst_read_addr_OBUF[30]_inst (OBUF) is not placed
ERROR: [Place 30-68] Instance o_inst_read_addr_OBUF[31]_inst (OBUF) is not placed
ERROR: [Place 30-68] Instance o_inst_read_addr_OBUF[3]_inst (OBUF) is not placed
ERROR: [Place 30-68] Instance o_inst_read_addr_OBUF[4]_inst (OBUF) is not placed
ERROR: [Place 30-68] Instance o_inst_read_addr_OBUF[5]_inst (OBUF) is not placed
ERROR: [Place 30-68] Instance o_inst_read_addr_OBUF[6]_inst (OBUF) is not placed
ERROR: [Place 30-68] Instance o_inst_read_addr_OBUF[7]_inst (OBUF) is not placed
INFO: [Common 17-14] Message 'Place 30-68' appears 100 times and further instances of the messages will be disabled. Use the Tcl command set_msg_config to change the current settings.
Phase 1.2 IO Placement/ Clock Placement/ Build Placer Device | Checksum: 2e885d5c

Time (s): cpu = 00:00:00.51 ; elapsed = 00:00:00.33 . Memory (MB): peak = 2597.293 ; gain = 0.000 ; free physical = 10077 ; free virtual = 13946
Phase 1 Placer Initialization | Checksum: 2e885d5c

Time (s): cpu = 00:00:00.52 ; elapsed = 00:00:00.33 . Memory (MB): peak = 2597.293 ; gain = 0.000 ; free physical = 10077 ; free virtual = 13946
ERROR: [Place 30-99] Placer failed with error: 'IO Clock Placer failed'
Please review all ERROR, CRITICAL WARNING, and WARNING messages during placement to understand the cause for failure.
Ending Placer Task | Checksum: 2e885d5c

Time (s): cpu = 00:00:00.52 ; elapsed = 00:00:00.33 . Memory (MB): peak = 2597.293 ; gain = 0.000 ; free physical = 10077 ; free virtual = 13946
INFO: [Common 17-83] Releasing license: Implementation
43 Infos, 1 Warnings, 0 Critical Warnings and 103 Errors encountered.
place_design failed
ERROR: [Common 17-69] Command failed: Placer could not place all instances
INFO: [Common 17-206] Exiting Vivado at Sat Dec 12 12:46:02 2020...
