  CREATE_STREAM @0.058 [NAME:read_seq T:Transactions SCOPE:uvm_test_top.tb_env.inst_agent.sqr STREAM:561]
  CREATE_STREAM @0.058 [NAME:read_seq T: SCOPE:uvm_test_top.tb_env.inst_agent.sqr STREAM:563]
    OPEN_RECORDER @0.058 {TXH:565 STREAM:563 NAME:read_seq TIME:0.058 TYPE="Begin_No_Parent, Link"}
  CREATE_STREAM @0.058 [NAME:read_seq T:Transactions SCOPE:uvm_test_top.tb_env.inst_agent.sqr STREAM:561]
  CREATE_STREAM @0.058 [NAME:read_seq T: SCOPE:uvm_test_top.tb_env.inst_agent.sqr STREAM:563]
    OPEN_RECORDER @0.058 {TXH:565 STREAM:563 NAME:read_seq TIME:0.058 TYPE="Begin_No_Parent, Link"}
  CREATE_STREAM @0.058 [NAME:read_seq T:Transactions SCOPE:uvm_test_top.tb_env.inst_agent.sqr STREAM:561]
  CREATE_STREAM @0.058 [NAME:read_seq T: SCOPE:uvm_test_top.tb_env.inst_agent.sqr STREAM:563]
    OPEN_RECORDER @0.058 {TXH:565 STREAM:563 NAME:read_seq TIME:0.058 TYPE="Begin_No_Parent, Link"}
  CREATE_STREAM @0.058 [NAME:read_seq T:Transactions SCOPE:uvm_test_top.tb_env.inst_agent.sqr STREAM:561]
  CREATE_STREAM @0.058 [NAME:read_seq T: SCOPE:uvm_test_top.tb_env.inst_agent.sqr STREAM:563]
    OPEN_RECORDER @0.058 {TXH:565 STREAM:563 NAME:read_seq TIME:0.058 TYPE="Begin_No_Parent, Link"}
  CREATE_STREAM @0.059 [NAME:read_seq T:Transactions SCOPE:uvm_test_top.tb_env.inst_agent.sqr STREAM:561]
  CREATE_STREAM @0.059 [NAME:read_seq T: SCOPE:uvm_test_top.tb_env.inst_agent.sqr STREAM:563]
    OPEN_RECORDER @0.059 {TXH:565 STREAM:563 NAME:read_seq TIME:0.059 TYPE="Begin_No_Parent, Link"}
  CREATE_STREAM @0.059 [NAME:read_seq T:Transactions SCOPE:uvm_test_top.tb_env.inst_agent.sqr STREAM:561]
  CREATE_STREAM @0.059 [NAME:read_seq T: SCOPE:uvm_test_top.tb_env.inst_agent.sqr STREAM:563]
    OPEN_RECORDER @0.059 {TXH:565 STREAM:563 NAME:read_seq TIME:0.059 TYPE="Begin_No_Parent, Link"}
  CREATE_STREAM @0.057 [NAME:read_seq T:Transactions SCOPE:uvm_test_top.tb_env.inst_agent.sqr STREAM:561]
  CREATE_STREAM @0.057 [NAME:read_seq T: SCOPE:uvm_test_top.tb_env.inst_agent.sqr STREAM:563]
    OPEN_RECORDER @0.057 {TXH:565 STREAM:563 NAME:read_seq TIME:0.057 TYPE="Begin_No_Parent, Link"}
  CREATE_STREAM @0.057 [NAME:read_seq T:Transactions SCOPE:uvm_test_top.tb_env.inst_agent.sqr STREAM:561]
  CREATE_STREAM @0.057 [NAME:read_seq T: SCOPE:uvm_test_top.tb_env.inst_agent.sqr STREAM:563]
    OPEN_RECORDER @0.057 {TXH:565 STREAM:563 NAME:read_seq TIME:0.057 TYPE="Begin_No_Parent, Link"}
  CREATE_STREAM @0.059 [NAME:read_seq T:Transactions SCOPE:uvm_test_top.tb_env.inst_agent.sqr STREAM:715]
  CREATE_STREAM @0.059 [NAME:read_seq T: SCOPE:uvm_test_top.tb_env.inst_agent.sqr STREAM:717]
    OPEN_RECORDER @0.059 {TXH:719 STREAM:717 NAME:read_seq TIME:0.059 TYPE="Begin_No_Parent, Link"}
  CREATE_STREAM @0.057 [NAME:read_seq T:Transactions SCOPE:uvm_test_top.tb_env.inst_agent.sqr STREAM:715]
  CREATE_STREAM @0.057 [NAME:read_seq T: SCOPE:uvm_test_top.tb_env.inst_agent.sqr STREAM:717]
    OPEN_RECORDER @0.057 {TXH:719 STREAM:717 NAME:read_seq TIME:0.057 TYPE="Begin_No_Parent, Link"}
  CREATE_STREAM @0.059 [NAME:read_seq T:Transactions SCOPE:uvm_test_top.tb_env.inst_agent.sqr STREAM:715]
  CREATE_STREAM @0.059 [NAME:read_seq T: SCOPE:uvm_test_top.tb_env.inst_agent.sqr STREAM:717]
    OPEN_RECORDER @0.059 {TXH:719 STREAM:717 NAME:read_seq TIME:0.059 TYPE="Begin_No_Parent, Link"}
  CREATE_STREAM @0.059 [NAME:read_seq T:Transactions SCOPE:uvm_test_top.tb_env.inst_agent.sqr STREAM:715]
  CREATE_STREAM @0.059 [NAME:read_seq T: SCOPE:uvm_test_top.tb_env.inst_agent.sqr STREAM:717]
    OPEN_RECORDER @0.059 {TXH:719 STREAM:717 NAME:read_seq TIME:0.059 TYPE="Begin_No_Parent, Link"}
  CREATE_STREAM @0.059 [NAME:read_seq T:Transactions SCOPE:uvm_test_top.tb_env.inst_agent.sqr STREAM:715]
  CREATE_STREAM @0.059 [NAME:read_seq T: SCOPE:uvm_test_top.tb_env.inst_agent.sqr STREAM:717]
    OPEN_RECORDER @0.059 {TXH:719 STREAM:717 NAME:read_seq TIME:0.059 TYPE="Begin_No_Parent, Link"}
    OPEN_RECORDER @0.059 {TXH:759 STREAM:717 NAME:read_seq TIME:0.059 TYPE="Begin_No_Parent, Link"}
  CREATE_STREAM @0.06 [NAME:read_seq T:Transactions SCOPE:uvm_test_top.tb_env.inst_agent.sqr STREAM:715]
  CREATE_STREAM @0.06 [NAME:read_seq T: SCOPE:uvm_test_top.tb_env.inst_agent.sqr STREAM:717]
    OPEN_RECORDER @0.06 {TXH:719 STREAM:717 NAME:read_seq TIME:0.06 TYPE="Begin_No_Parent, Link"}
    OPEN_RECORDER @0.06 {TXH:759 STREAM:717 NAME:read_seq TIME:0.06 TYPE="Begin_No_Parent, Link"}
    OPEN_RECORDER @0.06 {TXH:790 STREAM:717 NAME:read_seq TIME:0.06 TYPE="Begin_No_Parent, Link"}
  CREATE_STREAM @0.058 [NAME:read_seq T:Transactions SCOPE:uvm_test_top.tb_env.inst_agent.sqr STREAM:715]
  CREATE_STREAM @0.058 [NAME:read_seq T: SCOPE:uvm_test_top.tb_env.inst_agent.sqr STREAM:717]
    OPEN_RECORDER @0.058 {TXH:719 STREAM:717 NAME:read_seq TIME:0.058 TYPE="Begin_No_Parent, Link"}
    OPEN_RECORDER @0.058 {TXH:759 STREAM:717 NAME:read_seq TIME:0.058 TYPE="Begin_No_Parent, Link"}
  CREATE_STREAM @0.058 [NAME:read_seq T:Transactions SCOPE:uvm_test_top.tb_env.inst_agent.sqr STREAM:715]
  CREATE_STREAM @0.058 [NAME:read_seq T: SCOPE:uvm_test_top.tb_env.inst_agent.sqr STREAM:717]
    OPEN_RECORDER @0.058 {TXH:719 STREAM:717 NAME:read_seq TIME:0.058 TYPE="Begin_No_Parent, Link"}
  CREATE_STREAM @0.059 [NAME:read_seq T:Transactions SCOPE:uvm_test_top.tb_env.inst_agent.sqr STREAM:715]
  CREATE_STREAM @0.059 [NAME:read_seq T: SCOPE:uvm_test_top.tb_env.inst_agent.sqr STREAM:717]
    OPEN_RECORDER @0.059 {TXH:719 STREAM:717 NAME:read_seq TIME:0.059 TYPE="Begin_No_Parent, Link"}
    OPEN_RECORDER @0.059 {TXH:759 STREAM:717 NAME:read_seq TIME:0.059 TYPE="Begin_No_Parent, Link"}
    OPEN_RECORDER @0.059 {TXH:790 STREAM:717 NAME:read_seq TIME:0.059 TYPE="Begin_No_Parent, Link"}
  CREATE_STREAM @0.058 [NAME:read_seq T:Transactions SCOPE:uvm_test_top.tb_env.inst_agent.sqr STREAM:715]
  CREATE_STREAM @0.058 [NAME:read_seq T: SCOPE:uvm_test_top.tb_env.inst_agent.sqr STREAM:717]
    OPEN_RECORDER @0.058 {TXH:719 STREAM:717 NAME:read_seq TIME:0.058 TYPE="Begin_No_Parent, Link"}
    OPEN_RECORDER @0.058 {TXH:759 STREAM:717 NAME:read_seq TIME:0.058 TYPE="Begin_No_Parent, Link"}
    OPEN_RECORDER @0.058 {TXH:790 STREAM:717 NAME:read_seq TIME:0.058 TYPE="Begin_No_Parent, Link"}
  CREATE_STREAM @0.058 [NAME:read_seq T:Transactions SCOPE:uvm_test_top.tb_env.inst_agent.sqr STREAM:715]
  CREATE_STREAM @0.058 [NAME:read_seq T: SCOPE:uvm_test_top.tb_env.inst_agent.sqr STREAM:717]
    OPEN_RECORDER @0.058 {TXH:719 STREAM:717 NAME:read_seq TIME:0.058 TYPE="Begin_No_Parent, Link"}
  CREATE_STREAM @0.059 [NAME:read_seq T:Transactions SCOPE:uvm_test_top.tb_env.inst_agent.sqr STREAM:715]
  CREATE_STREAM @0.059 [NAME:read_seq T: SCOPE:uvm_test_top.tb_env.inst_agent.sqr STREAM:717]
    OPEN_RECORDER @0.059 {TXH:719 STREAM:717 NAME:read_seq TIME:0.059 TYPE="Begin_No_Parent, Link"}
  CREATE_STREAM @0.058 [NAME:slave_seq0 T:Transactions SCOPE:uvm_test_top.tb_env.inst_agent.sqr STREAM:756]
  CREATE_STREAM @0.058 [NAME:slave_seq0 T: SCOPE:uvm_test_top.tb_env.inst_agent.sqr STREAM:758]
    OPEN_RECORDER @0.058 {TXH:760 STREAM:758 NAME:slave_seq0 TIME:0.058 TYPE="Begin_No_Parent, Link"}
  CREATE_STREAM @0.057 [NAME:slave_seq0 T:Transactions SCOPE:uvm_test_top.tb_env.inst_agent.sqr STREAM:756]
  CREATE_STREAM @0.057 [NAME:slave_seq0 T: SCOPE:uvm_test_top.tb_env.inst_agent.sqr STREAM:758]
    OPEN_RECORDER @0.057 {TXH:760 STREAM:758 NAME:slave_seq0 TIME:0.057 TYPE="Begin_No_Parent, Link"}
  CREATE_STREAM @0.057 [NAME:slave_seq0 T:Transactions SCOPE:uvm_test_top.tb_env.inst_agent.sqr STREAM:756]
  CREATE_STREAM @0.057 [NAME:slave_seq0 T: SCOPE:uvm_test_top.tb_env.inst_agent.sqr STREAM:758]
    OPEN_RECORDER @0.057 {TXH:760 STREAM:758 NAME:slave_seq0 TIME:0.057 TYPE="Begin_No_Parent, Link"}
  CREATE_STREAM @0.057 [NAME:slave_seq0 T:Transactions SCOPE:uvm_test_top.tb_env.inst_agent.sqr STREAM:756]
  CREATE_STREAM @0.057 [NAME:slave_seq0 T: SCOPE:uvm_test_top.tb_env.inst_agent.sqr STREAM:758]
    OPEN_RECORDER @0.057 {TXH:760 STREAM:758 NAME:slave_seq0 TIME:0.057 TYPE="Begin_No_Parent, Link"}
  CREATE_STREAM @0.057 [NAME:slave_seq0 T:Transactions SCOPE:uvm_test_top.tb_env.inst_agent.sqr STREAM:756]
  CREATE_STREAM @0.057 [NAME:slave_seq0 T: SCOPE:uvm_test_top.tb_env.inst_agent.sqr STREAM:758]
    OPEN_RECORDER @0.057 {TXH:760 STREAM:758 NAME:slave_seq0 TIME:0.057 TYPE="Begin_No_Parent, Link"}
  CREATE_STREAM @0.057 [NAME:slave_seq0 T:Transactions SCOPE:uvm_test_top.tb_env.inst_agent.sqr STREAM:756]
  CREATE_STREAM @0.057 [NAME:slave_seq0 T: SCOPE:uvm_test_top.tb_env.inst_agent.sqr STREAM:758]
    OPEN_RECORDER @0.057 {TXH:760 STREAM:758 NAME:slave_seq0 TIME:0.057 TYPE="Begin_No_Parent, Link"}
  CREATE_STREAM @0.057 [NAME:slave_seq0 T:Transactions SCOPE:uvm_test_top.tb_env.inst_agent.sqr STREAM:756]
  CREATE_STREAM @0.057 [NAME:slave_seq0 T: SCOPE:uvm_test_top.tb_env.inst_agent.sqr STREAM:758]
    OPEN_RECORDER @0.057 {TXH:760 STREAM:758 NAME:slave_seq0 TIME:0.057 TYPE="Begin_No_Parent, Link"}
  CREATE_STREAM @0.057 [NAME:slave_seq0 T:Transactions SCOPE:uvm_test_top.tb_env.inst_agent.sqr STREAM:756]
  CREATE_STREAM @0.057 [NAME:slave_seq0 T: SCOPE:uvm_test_top.tb_env.inst_agent.sqr STREAM:758]
    OPEN_RECORDER @0.057 {TXH:760 STREAM:758 NAME:slave_seq0 TIME:0.057 TYPE="Begin_No_Parent, Link"}
  CREATE_STREAM @0.057 [NAME:slave_seq0 T:Transactions SCOPE:uvm_test_top.tb_env.inst_agent.sqr STREAM:756]
  CREATE_STREAM @0.057 [NAME:slave_seq0 T: SCOPE:uvm_test_top.tb_env.inst_agent.sqr STREAM:758]
    OPEN_RECORDER @0.057 {TXH:760 STREAM:758 NAME:slave_seq0 TIME:0.057 TYPE="Begin_No_Parent, Link"}
  CREATE_STREAM @0.057 [NAME:slave_seq0 T:Transactions SCOPE:uvm_test_top.tb_env.inst_agent.sqr STREAM:756]
  CREATE_STREAM @0.057 [NAME:slave_seq0 T: SCOPE:uvm_test_top.tb_env.inst_agent.sqr STREAM:758]
    OPEN_RECORDER @0.057 {TXH:760 STREAM:758 NAME:slave_seq0 TIME:0.057 TYPE="Begin_No_Parent, Link"}
  CREATE_STREAM @0.057 [NAME:slave_seq0 T:Transactions SCOPE:uvm_test_top.tb_env.inst_agent.sqr STREAM:756]
  CREATE_STREAM @0.057 [NAME:slave_seq0 T: SCOPE:uvm_test_top.tb_env.inst_agent.sqr STREAM:758]
    OPEN_RECORDER @0.057 {TXH:760 STREAM:758 NAME:slave_seq0 TIME:0.057 TYPE="Begin_No_Parent, Link"}
  CREATE_STREAM @0.057 [NAME:slave_seq0 T:Transactions SCOPE:uvm_test_top.tb_env.inst_agent.sqr STREAM:756]
  CREATE_STREAM @0.057 [NAME:slave_seq0 T: SCOPE:uvm_test_top.tb_env.inst_agent.sqr STREAM:758]
    OPEN_RECORDER @0.057 {TXH:760 STREAM:758 NAME:slave_seq0 TIME:0.057 TYPE="Begin_No_Parent, Link"}
  CREATE_STREAM @0.057 [NAME:slave_seq0 T:Transactions SCOPE:uvm_test_top.tb_env.inst_agent.sqr STREAM:756]
  CREATE_STREAM @0.057 [NAME:slave_seq0 T: SCOPE:uvm_test_top.tb_env.inst_agent.sqr STREAM:758]
    OPEN_RECORDER @0.057 {TXH:760 STREAM:758 NAME:slave_seq0 TIME:0.057 TYPE="Begin_No_Parent, Link"}
  CREATE_STREAM @0.057 [NAME:slave_seq0 T:Transactions SCOPE:uvm_test_top.tb_env.inst_agent.sqr STREAM:756]
  CREATE_STREAM @0.057 [NAME:slave_seq0 T: SCOPE:uvm_test_top.tb_env.inst_agent.sqr STREAM:758]
    OPEN_RECORDER @0.057 {TXH:760 STREAM:758 NAME:slave_seq0 TIME:0.057 TYPE="Begin_No_Parent, Link"}
  CREATE_STREAM @0.057 [NAME:slave_seq0 T:Transactions SCOPE:uvm_test_top.tb_env.inst_agent.sqr STREAM:756]
  CREATE_STREAM @0.057 [NAME:slave_seq0 T: SCOPE:uvm_test_top.tb_env.inst_agent.sqr STREAM:758]
    OPEN_RECORDER @0.057 {TXH:760 STREAM:758 NAME:slave_seq0 TIME:0.057 TYPE="Begin_No_Parent, Link"}
  CREATE_STREAM @0.057 [NAME:slave_seq0 T:Transactions SCOPE:uvm_test_top.tb_env.inst_agent.sqr STREAM:756]
  CREATE_STREAM @0.057 [NAME:slave_seq0 T: SCOPE:uvm_test_top.tb_env.inst_agent.sqr STREAM:758]
    OPEN_RECORDER @0.057 {TXH:760 STREAM:758 NAME:slave_seq0 TIME:0.057 TYPE="Begin_No_Parent, Link"}
  CREATE_STREAM @0.057 [NAME:slave_seq0 T:Transactions SCOPE:uvm_test_top.tb_env.inst_agent.sqr STREAM:756]
  CREATE_STREAM @0.057 [NAME:slave_seq0 T: SCOPE:uvm_test_top.tb_env.inst_agent.sqr STREAM:758]
    OPEN_RECORDER @0.057 {TXH:760 STREAM:758 NAME:slave_seq0 TIME:0.057 TYPE="Begin_No_Parent, Link"}
  CREATE_STREAM @0.057 [NAME:slave_seq0 T:Transactions SCOPE:uvm_test_top.tb_env.inst_agent.sqr STREAM:756]
  CREATE_STREAM @0.057 [NAME:slave_seq0 T: SCOPE:uvm_test_top.tb_env.inst_agent.sqr STREAM:758]
    OPEN_RECORDER @0.057 {TXH:760 STREAM:758 NAME:slave_seq0 TIME:0.057 TYPE="Begin_No_Parent, Link"}
  CREATE_STREAM @0.057 [NAME:slave_seq0 T:Transactions SCOPE:uvm_test_top.tb_env.inst_agent.sqr STREAM:756]
  CREATE_STREAM @0.057 [NAME:slave_seq0 T: SCOPE:uvm_test_top.tb_env.inst_agent.sqr STREAM:758]
    OPEN_RECORDER @0.057 {TXH:760 STREAM:758 NAME:slave_seq0 TIME:0.057 TYPE="Begin_No_Parent, Link"}
  CREATE_STREAM @0.057 [NAME:slave_seq0 T:Transactions SCOPE:uvm_test_top.tb_env.inst_agent.sqr STREAM:756]
  CREATE_STREAM @0.057 [NAME:slave_seq0 T: SCOPE:uvm_test_top.tb_env.inst_agent.sqr STREAM:758]
    OPEN_RECORDER @0.057 {TXH:760 STREAM:758 NAME:slave_seq0 TIME:0.057 TYPE="Begin_No_Parent, Link"}
  CREATE_STREAM @0.057 [NAME:slave_seq0 T:Transactions SCOPE:uvm_test_top.tb_env.inst_agent.sqr STREAM:756]
  CREATE_STREAM @0.057 [NAME:slave_seq0 T: SCOPE:uvm_test_top.tb_env.inst_agent.sqr STREAM:758]
    OPEN_RECORDER @0.057 {TXH:760 STREAM:758 NAME:slave_seq0 TIME:0.057 TYPE="Begin_No_Parent, Link"}
  CREATE_STREAM @0.057 [NAME:slave_seq0 T:Transactions SCOPE:uvm_test_top.tb_env.inst_agent.sqr STREAM:756]
  CREATE_STREAM @0.057 [NAME:slave_seq0 T: SCOPE:uvm_test_top.tb_env.inst_agent.sqr STREAM:758]
    OPEN_RECORDER @0.057 {TXH:760 STREAM:758 NAME:slave_seq0 TIME:0.057 TYPE="Begin_No_Parent, Link"}
  CREATE_STREAM @0.057 [NAME:slave_seq0 T:Transactions SCOPE:uvm_test_top.tb_env.inst_agent.sqr STREAM:756]
  CREATE_STREAM @0.057 [NAME:slave_seq0 T: SCOPE:uvm_test_top.tb_env.inst_agent.sqr STREAM:758]
    OPEN_RECORDER @0.057 {TXH:760 STREAM:758 NAME:slave_seq0 TIME:0.057 TYPE="Begin_No_Parent, Link"}
  CREATE_STREAM @0.057 [NAME:slave_seq0 T:Transactions SCOPE:uvm_test_top.tb_env.inst_agent.sqr STREAM:756]
  CREATE_STREAM @0.057 [NAME:slave_seq0 T: SCOPE:uvm_test_top.tb_env.inst_agent.sqr STREAM:758]
    OPEN_RECORDER @0.057 {TXH:760 STREAM:758 NAME:slave_seq0 TIME:0.057 TYPE="Begin_No_Parent, Link"}
  CREATE_STREAM @0.057 [NAME:slave_seq0 T:Transactions SCOPE:uvm_test_top.tb_env.inst_agent.sqr STREAM:756]
  CREATE_STREAM @0.057 [NAME:slave_seq0 T: SCOPE:uvm_test_top.tb_env.inst_agent.sqr STREAM:758]
    OPEN_RECORDER @0.057 {TXH:760 STREAM:758 NAME:slave_seq0 TIME:0.057 TYPE="Begin_No_Parent, Link"}
  CREATE_STREAM @0.057 [NAME:slave_seq0 T:Transactions SCOPE:uvm_test_top.tb_env.inst_agent.sqr STREAM:756]
  CREATE_STREAM @0.057 [NAME:slave_seq0 T: SCOPE:uvm_test_top.tb_env.inst_agent.sqr STREAM:758]
    OPEN_RECORDER @0.057 {TXH:760 STREAM:758 NAME:slave_seq0 TIME:0.057 TYPE="Begin_No_Parent, Link"}
  CREATE_STREAM @0.057 [NAME:slave_seq0 T:Transactions SCOPE:uvm_test_top.tb_env.inst_agent.sqr STREAM:756]
  CREATE_STREAM @0.057 [NAME:slave_seq0 T: SCOPE:uvm_test_top.tb_env.inst_agent.sqr STREAM:758]
    OPEN_RECORDER @0.057 {TXH:760 STREAM:758 NAME:slave_seq0 TIME:0.057 TYPE="Begin_No_Parent, Link"}
  CREATE_STREAM @0.057 [NAME:slave_seq0 T:Transactions SCOPE:uvm_test_top.tb_env.inst_agent.sqr STREAM:756]
  CREATE_STREAM @0.057 [NAME:slave_seq0 T: SCOPE:uvm_test_top.tb_env.inst_agent.sqr STREAM:758]
    OPEN_RECORDER @0.057 {TXH:760 STREAM:758 NAME:slave_seq0 TIME:0.057 TYPE="Begin_No_Parent, Link"}
  CREATE_STREAM @0.057 [NAME:slave_seq0 T:Transactions SCOPE:uvm_test_top.tb_env.inst_agent.sqr STREAM:756]
  CREATE_STREAM @0.057 [NAME:slave_seq0 T: SCOPE:uvm_test_top.tb_env.inst_agent.sqr STREAM:758]
    OPEN_RECORDER @0.057 {TXH:760 STREAM:758 NAME:slave_seq0 TIME:0.057 TYPE="Begin_No_Parent, Link"}
  CREATE_STREAM @0.057 [NAME:slave_seq0 T:Transactions SCOPE:uvm_test_top.tb_env.inst_agent.sqr STREAM:756]
  CREATE_STREAM @0.057 [NAME:slave_seq0 T: SCOPE:uvm_test_top.tb_env.inst_agent.sqr STREAM:758]
    OPEN_RECORDER @0.057 {TXH:760 STREAM:758 NAME:slave_seq0 TIME:0.057 TYPE="Begin_No_Parent, Link"}
  CREATE_STREAM @0.057 [NAME:slave_seq0 T:Transactions SCOPE:uvm_test_top.tb_env.inst_agent.sqr STREAM:756]
  CREATE_STREAM @0.057 [NAME:slave_seq0 T: SCOPE:uvm_test_top.tb_env.inst_agent.sqr STREAM:758]
    OPEN_RECORDER @0.057 {TXH:760 STREAM:758 NAME:slave_seq0 TIME:0.057 TYPE="Begin_No_Parent, Link"}
  CREATE_STREAM @0.057 [NAME:slave_seq0 T:Transactions SCOPE:uvm_test_top.tb_env.inst_agent.sqr STREAM:756]
  CREATE_STREAM @0.057 [NAME:slave_seq0 T: SCOPE:uvm_test_top.tb_env.inst_agent.sqr STREAM:758]
    OPEN_RECORDER @0.057 {TXH:760 STREAM:758 NAME:slave_seq0 TIME:0.057 TYPE="Begin_No_Parent, Link"}
  CREATE_STREAM @0.057 [NAME:slave_seq0 T:Transactions SCOPE:uvm_test_top.tb_env.inst_agent.sqr STREAM:756]
  CREATE_STREAM @0.057 [NAME:slave_seq0 T: SCOPE:uvm_test_top.tb_env.inst_agent.sqr STREAM:758]
    OPEN_RECORDER @0.057 {TXH:760 STREAM:758 NAME:slave_seq0 TIME:0.057 TYPE="Begin_No_Parent, Link"}
  CREATE_STREAM @0.057 [NAME:slave_seq0 T:Transactions SCOPE:uvm_test_top.tb_env.inst_agent.sqr STREAM:756]
  CREATE_STREAM @0.057 [NAME:slave_seq0 T: SCOPE:uvm_test_top.tb_env.inst_agent.sqr STREAM:758]
    OPEN_RECORDER @0.057 {TXH:760 STREAM:758 NAME:slave_seq0 TIME:0.057 TYPE="Begin_No_Parent, Link"}
  CREATE_STREAM @0.057 [NAME:slave_seq0 T:Transactions SCOPE:uvm_test_top.tb_env.inst_agent.sqr STREAM:756]
  CREATE_STREAM @0.057 [NAME:slave_seq0 T: SCOPE:uvm_test_top.tb_env.inst_agent.sqr STREAM:758]
    OPEN_RECORDER @0.057 {TXH:760 STREAM:758 NAME:slave_seq0 TIME:0.057 TYPE="Begin_No_Parent, Link"}
  CREATE_STREAM @0.058 [NAME:slave_seq0 T:Transactions SCOPE:uvm_test_top.tb_env.inst_agent.sqr STREAM:844]
  CREATE_STREAM @0.058 [NAME:slave_seq0 T: SCOPE:uvm_test_top.tb_env.inst_agent.sqr STREAM:846]
    OPEN_RECORDER @0.058 {TXH:848 STREAM:846 NAME:slave_seq0 TIME:0.058 TYPE="Begin_No_Parent, Link"}
  CREATE_STREAM @0.057 [NAME:slave_seq0 T:Transactions SCOPE:uvm_test_top.tb_env.inst_agent.sqr STREAM:844]
  CREATE_STREAM @0.057 [NAME:slave_seq0 T: SCOPE:uvm_test_top.tb_env.inst_agent.sqr STREAM:846]
    OPEN_RECORDER @0.057 {TXH:848 STREAM:846 NAME:slave_seq0 TIME:0.057 TYPE="Begin_No_Parent, Link"}
  CREATE_STREAM @0.058 [NAME:slave_seq0 T:Transactions SCOPE:uvm_test_top.tb_env.inst_agent.sqr STREAM:844]
  CREATE_STREAM @0.058 [NAME:slave_seq0 T: SCOPE:uvm_test_top.tb_env.inst_agent.sqr STREAM:846]
    OPEN_RECORDER @0.058 {TXH:848 STREAM:846 NAME:slave_seq0 TIME:0.058 TYPE="Begin_No_Parent, Link"}
  CREATE_STREAM @0.057 [NAME:slave_seq0 T:Transactions SCOPE:uvm_test_top.tb_env.inst_agent.sqr STREAM:844]
  CREATE_STREAM @0.057 [NAME:slave_seq0 T: SCOPE:uvm_test_top.tb_env.inst_agent.sqr STREAM:846]
    OPEN_RECORDER @0.057 {TXH:848 STREAM:846 NAME:slave_seq0 TIME:0.057 TYPE="Begin_No_Parent, Link"}
  CREATE_STREAM @0.057 [NAME:slave_seq0 T:Transactions SCOPE:uvm_test_top.tb_env.inst_agent.sqr STREAM:844]
  CREATE_STREAM @0.057 [NAME:slave_seq0 T: SCOPE:uvm_test_top.tb_env.inst_agent.sqr STREAM:846]
    OPEN_RECORDER @0.057 {TXH:848 STREAM:846 NAME:slave_seq0 TIME:0.057 TYPE="Begin_No_Parent, Link"}
  CREATE_STREAM @0.057 [NAME:slave_seq0 T:Transactions SCOPE:uvm_test_top.tb_env.inst_agent.sqr STREAM:844]
  CREATE_STREAM @0.057 [NAME:slave_seq0 T: SCOPE:uvm_test_top.tb_env.inst_agent.sqr STREAM:846]
    OPEN_RECORDER @0.057 {TXH:848 STREAM:846 NAME:slave_seq0 TIME:0.057 TYPE="Begin_No_Parent, Link"}
  CREATE_STREAM @0.057 [NAME:slave_seq0 T:Transactions SCOPE:uvm_test_top.tb_env.inst_agent.sqr STREAM:844]
  CREATE_STREAM @0.057 [NAME:slave_seq0 T: SCOPE:uvm_test_top.tb_env.inst_agent.sqr STREAM:846]
    OPEN_RECORDER @0.057 {TXH:848 STREAM:846 NAME:slave_seq0 TIME:0.057 TYPE="Begin_No_Parent, Link"}
  CREATE_STREAM @0.057 [NAME:slave_seq0 T:Transactions SCOPE:uvm_test_top.tb_env.inst_agent.sqr STREAM:844]
  CREATE_STREAM @0.057 [NAME:slave_seq0 T: SCOPE:uvm_test_top.tb_env.inst_agent.sqr STREAM:846]
    OPEN_RECORDER @0.057 {TXH:848 STREAM:846 NAME:slave_seq0 TIME:0.057 TYPE="Begin_No_Parent, Link"}
  CREATE_STREAM @0.057 [NAME:slave_seq0 T:Transactions SCOPE:uvm_test_top.tb_env.inst_agent.sqr STREAM:844]
  CREATE_STREAM @0.057 [NAME:slave_seq0 T: SCOPE:uvm_test_top.tb_env.inst_agent.sqr STREAM:846]
    OPEN_RECORDER @0.057 {TXH:848 STREAM:846 NAME:slave_seq0 TIME:0.057 TYPE="Begin_No_Parent, Link"}
  CREATE_STREAM @0.057 [NAME:slave_seq0 T:Transactions SCOPE:uvm_test_top.tb_env.inst_agent.sqr STREAM:844]
  CREATE_STREAM @0.057 [NAME:slave_seq0 T: SCOPE:uvm_test_top.tb_env.inst_agent.sqr STREAM:846]
    OPEN_RECORDER @0.057 {TXH:848 STREAM:846 NAME:slave_seq0 TIME:0.057 TYPE="Begin_No_Parent, Link"}
  CREATE_STREAM @0.057 [NAME:slave_seq0 T:Transactions SCOPE:uvm_test_top.tb_env.inst_agent.sqr STREAM:844]
  CREATE_STREAM @0.057 [NAME:slave_seq0 T: SCOPE:uvm_test_top.tb_env.inst_agent.sqr STREAM:846]
    OPEN_RECORDER @0.057 {TXH:848 STREAM:846 NAME:slave_seq0 TIME:0.057 TYPE="Begin_No_Parent, Link"}
  CREATE_STREAM @0.057 [NAME:slave_seq0 T:Transactions SCOPE:uvm_test_top.tb_env.inst_agent.sqr STREAM:844]
  CREATE_STREAM @0.057 [NAME:slave_seq0 T: SCOPE:uvm_test_top.tb_env.inst_agent.sqr STREAM:846]
    OPEN_RECORDER @0.057 {TXH:848 STREAM:846 NAME:slave_seq0 TIME:0.057 TYPE="Begin_No_Parent, Link"}
  CREATE_STREAM @0.057 [NAME:slave_seq0 T:Transactions SCOPE:uvm_test_top.tb_env.inst_agent.sqr STREAM:844]
  CREATE_STREAM @0.057 [NAME:slave_seq0 T: SCOPE:uvm_test_top.tb_env.inst_agent.sqr STREAM:846]
    OPEN_RECORDER @0.057 {TXH:848 STREAM:846 NAME:slave_seq0 TIME:0.057 TYPE="Begin_No_Parent, Link"}
  CREATE_STREAM @0.057 [NAME:slave_seq0 T:Transactions SCOPE:uvm_test_top.tb_env.inst_agent.sqr STREAM:844]
  CREATE_STREAM @0.057 [NAME:slave_seq0 T: SCOPE:uvm_test_top.tb_env.inst_agent.sqr STREAM:846]
    OPEN_RECORDER @0.057 {TXH:848 STREAM:846 NAME:slave_seq0 TIME:0.057 TYPE="Begin_No_Parent, Link"}
  CREATE_STREAM @0.057 [NAME:slave_seq0 T:Transactions SCOPE:uvm_test_top.tb_env.inst_agent.sqr STREAM:844]
  CREATE_STREAM @0.057 [NAME:slave_seq0 T: SCOPE:uvm_test_top.tb_env.inst_agent.sqr STREAM:846]
    OPEN_RECORDER @0.057 {TXH:848 STREAM:846 NAME:slave_seq0 TIME:0.057 TYPE="Begin_No_Parent, Link"}
  CREATE_STREAM @0.057 [NAME:slave_seq0 T:Transactions SCOPE:uvm_test_top.tb_env.inst_agent.sqr STREAM:844]
  CREATE_STREAM @0.057 [NAME:slave_seq0 T: SCOPE:uvm_test_top.tb_env.inst_agent.sqr STREAM:846]
    OPEN_RECORDER @0.057 {TXH:848 STREAM:846 NAME:slave_seq0 TIME:0.057 TYPE="Begin_No_Parent, Link"}
  CREATE_STREAM @0.058 [NAME:slave_seq0 T:Transactions SCOPE:uvm_test_top.tb_env.inst_agent.sqr STREAM:844]
  CREATE_STREAM @0.058 [NAME:slave_seq0 T: SCOPE:uvm_test_top.tb_env.inst_agent.sqr STREAM:846]
    OPEN_RECORDER @0.058 {TXH:848 STREAM:846 NAME:slave_seq0 TIME:0.058 TYPE="Begin_No_Parent, Link"}
  CREATE_STREAM @0.057 [NAME:slave_seq0 T:Transactions SCOPE:uvm_test_top.tb_env.inst_agent.sqr STREAM:844]
  CREATE_STREAM @0.057 [NAME:slave_seq0 T: SCOPE:uvm_test_top.tb_env.inst_agent.sqr STREAM:846]
    OPEN_RECORDER @0.057 {TXH:848 STREAM:846 NAME:slave_seq0 TIME:0.057 TYPE="Begin_No_Parent, Link"}
  CREATE_STREAM @0.057 [NAME:slave_seq0 T:Transactions SCOPE:uvm_test_top.tb_env.inst_agent.sqr STREAM:844]
  CREATE_STREAM @0.057 [NAME:slave_seq0 T: SCOPE:uvm_test_top.tb_env.inst_agent.sqr STREAM:846]
    OPEN_RECORDER @0.057 {TXH:848 STREAM:846 NAME:slave_seq0 TIME:0.057 TYPE="Begin_No_Parent, Link"}
  CREATE_STREAM @0.057 [NAME:slave_seq0 T:Transactions SCOPE:uvm_test_top.tb_env.inst_agent.sqr STREAM:844]
  CREATE_STREAM @0.057 [NAME:slave_seq0 T: SCOPE:uvm_test_top.tb_env.inst_agent.sqr STREAM:846]
    OPEN_RECORDER @0.057 {TXH:848 STREAM:846 NAME:slave_seq0 TIME:0.057 TYPE="Begin_No_Parent, Link"}
  CREATE_STREAM @0.057 [NAME:slave_seq0 T:Transactions SCOPE:uvm_test_top.tb_env.inst_agent.sqr STREAM:844]
  CREATE_STREAM @0.057 [NAME:slave_seq0 T: SCOPE:uvm_test_top.tb_env.inst_agent.sqr STREAM:846]
    OPEN_RECORDER @0.057 {TXH:848 STREAM:846 NAME:slave_seq0 TIME:0.057 TYPE="Begin_No_Parent, Link"}
  CREATE_STREAM @0.057 [NAME:slave_seq0 T:Transactions SCOPE:uvm_test_top.tb_env.inst_agent.sqr STREAM:844]
  CREATE_STREAM @0.057 [NAME:slave_seq0 T: SCOPE:uvm_test_top.tb_env.inst_agent.sqr STREAM:846]
    OPEN_RECORDER @0.057 {TXH:848 STREAM:846 NAME:slave_seq0 TIME:0.057 TYPE="Begin_No_Parent, Link"}
  CREATE_STREAM @0.058 [NAME:slave_seq0 T:Transactions SCOPE:uvm_test_top.tb_env.inst_agent.sqr STREAM:844]
  CREATE_STREAM @0.058 [NAME:slave_seq0 T: SCOPE:uvm_test_top.tb_env.inst_agent.sqr STREAM:846]
    OPEN_RECORDER @0.058 {TXH:848 STREAM:846 NAME:slave_seq0 TIME:0.058 TYPE="Begin_No_Parent, Link"}
  CREATE_STREAM @0.058 [NAME:slave_seq0 T:Transactions SCOPE:uvm_test_top.tb_env.inst_agent.sqr STREAM:844]
  CREATE_STREAM @0.058 [NAME:slave_seq0 T: SCOPE:uvm_test_top.tb_env.inst_agent.sqr STREAM:846]
    OPEN_RECORDER @0.058 {TXH:848 STREAM:846 NAME:slave_seq0 TIME:0.058 TYPE="Begin_No_Parent, Link"}
  CREATE_STREAM @0.058 [NAME:slave_seq0 T:Transactions SCOPE:uvm_test_top.tb_env.inst_agent.sqr STREAM:844]
  CREATE_STREAM @0.058 [NAME:slave_seq0 T: SCOPE:uvm_test_top.tb_env.inst_agent.sqr STREAM:846]
    OPEN_RECORDER @0.058 {TXH:848 STREAM:846 NAME:slave_seq0 TIME:0.058 TYPE="Begin_No_Parent, Link"}
  CREATE_STREAM @0.058 [NAME:slave_seq0 T:Transactions SCOPE:uvm_test_top.tb_env.inst_agent.sqr STREAM:844]
  CREATE_STREAM @0.058 [NAME:slave_seq0 T: SCOPE:uvm_test_top.tb_env.inst_agent.sqr STREAM:846]
    OPEN_RECORDER @0.058 {TXH:848 STREAM:846 NAME:slave_seq0 TIME:0.058 TYPE="Begin_No_Parent, Link"}
  CREATE_STREAM @0.058 [NAME:slave_seq0 T:Transactions SCOPE:uvm_test_top.tb_env.inst_agent.sqr STREAM:844]
  CREATE_STREAM @0.058 [NAME:slave_seq0 T: SCOPE:uvm_test_top.tb_env.inst_agent.sqr STREAM:846]
    OPEN_RECORDER @0.058 {TXH:848 STREAM:846 NAME:slave_seq0 TIME:0.058 TYPE="Begin_No_Parent, Link"}
  CREATE_STREAM @0.058 [NAME:slave_seq0 T:Transactions SCOPE:uvm_test_top.tb_env.inst_agent.sqr STREAM:844]
  CREATE_STREAM @0.058 [NAME:slave_seq0 T: SCOPE:uvm_test_top.tb_env.inst_agent.sqr STREAM:846]
    OPEN_RECORDER @0.058 {TXH:848 STREAM:846 NAME:slave_seq0 TIME:0.058 TYPE="Begin_No_Parent, Link"}
  CREATE_STREAM @0.058 [NAME:slave_seq0 T:Transactions SCOPE:uvm_test_top.tb_env.inst_agent.sqr STREAM:844]
  CREATE_STREAM @0.058 [NAME:slave_seq0 T: SCOPE:uvm_test_top.tb_env.inst_agent.sqr STREAM:846]
    OPEN_RECORDER @0.058 {TXH:848 STREAM:846 NAME:slave_seq0 TIME:0.058 TYPE="Begin_No_Parent, Link"}
  CREATE_STREAM @0.058 [NAME:slave_seq0 T:Transactions SCOPE:uvm_test_top.tb_env.inst_agent.sqr STREAM:844]
  CREATE_STREAM @0.058 [NAME:slave_seq0 T: SCOPE:uvm_test_top.tb_env.inst_agent.sqr STREAM:846]
    OPEN_RECORDER @0.058 {TXH:848 STREAM:846 NAME:slave_seq0 TIME:0.058 TYPE="Begin_No_Parent, Link"}
  CREATE_STREAM @0.058 [NAME:slave_seq0 T:Transactions SCOPE:uvm_test_top.tb_env.inst_agent.sqr STREAM:844]
  CREATE_STREAM @0.058 [NAME:slave_seq0 T: SCOPE:uvm_test_top.tb_env.inst_agent.sqr STREAM:846]
    OPEN_RECORDER @0.058 {TXH:848 STREAM:846 NAME:slave_seq0 TIME:0.058 TYPE="Begin_No_Parent, Link"}
  CREATE_STREAM @0.058 [NAME:slave_seq0 T:Transactions SCOPE:uvm_test_top.tb_env.inst_agent.sqr STREAM:844]
  CREATE_STREAM @0.058 [NAME:slave_seq0 T: SCOPE:uvm_test_top.tb_env.inst_agent.sqr STREAM:846]
    OPEN_RECORDER @0.058 {TXH:848 STREAM:846 NAME:slave_seq0 TIME:0.058 TYPE="Begin_No_Parent, Link"}
  CREATE_STREAM @0.058 [NAME:slave_seq0 T:Transactions SCOPE:uvm_test_top.tb_env.inst_agent.sqr STREAM:844]
  CREATE_STREAM @0.058 [NAME:slave_seq0 T: SCOPE:uvm_test_top.tb_env.inst_agent.sqr STREAM:846]
    OPEN_RECORDER @0.058 {TXH:848 STREAM:846 NAME:slave_seq0 TIME:0.058 TYPE="Begin_No_Parent, Link"}
  CREATE_STREAM @0.058 [NAME:slave_seq0 T:Transactions SCOPE:uvm_test_top.tb_env.inst_agent.sqr STREAM:844]
  CREATE_STREAM @0.058 [NAME:slave_seq0 T: SCOPE:uvm_test_top.tb_env.inst_agent.sqr STREAM:846]
    OPEN_RECORDER @0.058 {TXH:848 STREAM:846 NAME:slave_seq0 TIME:0.058 TYPE="Begin_No_Parent, Link"}
  CREATE_STREAM @0.058 [NAME:slave_seq0 T:Transactions SCOPE:uvm_test_top.tb_env.inst_agent.sqr STREAM:844]
  CREATE_STREAM @0.058 [NAME:slave_seq0 T: SCOPE:uvm_test_top.tb_env.inst_agent.sqr STREAM:846]
    OPEN_RECORDER @0.058 {TXH:848 STREAM:846 NAME:slave_seq0 TIME:0.058 TYPE="Begin_No_Parent, Link"}
  CREATE_STREAM @0.058 [NAME:slave_seq0 T:Transactions SCOPE:uvm_test_top.tb_env.inst_agent.sqr STREAM:844]
  CREATE_STREAM @0.058 [NAME:slave_seq0 T: SCOPE:uvm_test_top.tb_env.inst_agent.sqr STREAM:846]
    OPEN_RECORDER @0.058 {TXH:848 STREAM:846 NAME:slave_seq0 TIME:0.058 TYPE="Begin_No_Parent, Link"}
  CREATE_STREAM @0.058 [NAME:slave_seq0 T:Transactions SCOPE:uvm_test_top.tb_env.inst_agent.sqr STREAM:844]
  CREATE_STREAM @0.058 [NAME:slave_seq0 T: SCOPE:uvm_test_top.tb_env.inst_agent.sqr STREAM:846]
    OPEN_RECORDER @0.058 {TXH:848 STREAM:846 NAME:slave_seq0 TIME:0.058 TYPE="Begin_No_Parent, Link"}
  CREATE_STREAM @0.058 [NAME:slave_seq0 T:Transactions SCOPE:uvm_test_top.tb_env.inst_agent.sqr STREAM:844]
  CREATE_STREAM @0.058 [NAME:slave_seq0 T: SCOPE:uvm_test_top.tb_env.inst_agent.sqr STREAM:846]
    OPEN_RECORDER @0.058 {TXH:848 STREAM:846 NAME:slave_seq0 TIME:0.058 TYPE="Begin_No_Parent, Link"}
  CREATE_STREAM @0.058 [NAME:slave_seq0 T:Transactions SCOPE:uvm_test_top.tb_env.inst_agent.sqr STREAM:844]
  CREATE_STREAM @0.058 [NAME:slave_seq0 T: SCOPE:uvm_test_top.tb_env.inst_agent.sqr STREAM:846]
    OPEN_RECORDER @0.058 {TXH:848 STREAM:846 NAME:slave_seq0 TIME:0.058 TYPE="Begin_No_Parent, Link"}
  CREATE_STREAM @0.058 [NAME:slave_seq0 T:Transactions SCOPE:uvm_test_top.tb_env.inst_agent.sqr STREAM:844]
  CREATE_STREAM @0.058 [NAME:slave_seq0 T: SCOPE:uvm_test_top.tb_env.inst_agent.sqr STREAM:846]
    OPEN_RECORDER @0.058 {TXH:848 STREAM:846 NAME:slave_seq0 TIME:0.058 TYPE="Begin_No_Parent, Link"}
  CREATE_STREAM @0.057 [NAME:slave_seq0 T:Transactions SCOPE:uvm_test_top.tb_env.inst_agent.sqr STREAM:844]
  CREATE_STREAM @0.057 [NAME:slave_seq0 T: SCOPE:uvm_test_top.tb_env.inst_agent.sqr STREAM:846]
    OPEN_RECORDER @0.057 {TXH:848 STREAM:846 NAME:slave_seq0 TIME:0.057 TYPE="Begin_No_Parent, Link"}
  CREATE_STREAM @0.057 [NAME:slave_seq0 T:Transactions SCOPE:uvm_test_top.tb_env.inst_agent.sqr STREAM:844]
  CREATE_STREAM @0.057 [NAME:slave_seq0 T: SCOPE:uvm_test_top.tb_env.inst_agent.sqr STREAM:846]
    OPEN_RECORDER @0.057 {TXH:848 STREAM:846 NAME:slave_seq0 TIME:0.057 TYPE="Begin_No_Parent, Link"}
